# JRE version: OpenJDK Runtime Environment Temurin-17.0.11+9 (17.0.11+9) (build 17.0.11+9)
# Java VM: OpenJDK 64-Bit Server VM Temurin-17.0.11+9 (17.0.11+9, mixed mode, emulated-client, tiered, compressed oops, compressed class ptrs, g1 gc, windows-amd64)
GC Precious Log:
 CPUs: 4 total, 4 available
 Memory: 3526M
 Large Page Support: Disabled
 NUMA Support: Disabled
 Compressed Oops: Enabled (32-bit)
 Heap Region Size: 1M
 Heap Min Capacity: 8M
 Heap Initial Capacity: 56M
 Heap Max Capacity: 1G
 Pre-touch: Disabled
 Parallel Workers: 4
 Concurrent Workers: 1
 Concurrent Refinement Workers: 4
 Periodic GC: Disabled
Heap:
 garbage-first heap   total 78848K, used 35408K [0x00000000c0000000, 0x0000000100000000)
  region size 1024K, 1 young (1024K), 0 survivors (0K)
 Metaspace       used 59150K, committed 59648K, reserved 1114112K
  class space    used 7356K, committed 7552K, reserved 1048576K
GC Heap History (20 events):
Event: 64348.767 GC heap before
{Heap before GC invocations=736 (full 693):
 garbage-first heap   total 78848K, used 35408K [0x00000000c0000000, 0x0000000100000000)
  region size 1024K, 1 young (1024K), 0 survivors (0K)
 Metaspace       used 59150K, committed 59648K, reserved 1114112K
  class space    used 7356K, committed 7552K, reserved 1048576K
}
Event: 64348.880 GC heap after
{Heap after GC invocations=737 (full 694):
 garbage-first heap   total 78848K, used 35408K [0x00000000c0000000, 0x0000000100000000)
  region size 1024K, 0 young (0K), 0 survivors (0K)
 Metaspace       used 59150K, committed 59648K, reserved 1114112K
  class space    used 7356K, committed 7552K, reserved 1048576K
}
Event: 64358.958 GC heap before
{Heap before GC invocations=737 (full 694):
 garbage-first heap   total 78848K, used 35408K [0x00000000c0000000, 0x0000000100000000)
  region size 1024K, 1 young (1024K), 0 survivors (0K)
 Metaspace       used 59150K, committed 59648K, reserved 1114112K
  class space    used 7356K, committed 7552K, reserved 1048576K
}
Event: 64359.001 GC heap after
{Heap after GC invocations=738 (full 695):
 garbage-first heap   total 78848K, used 35408K [0x00000000c0000000, 0x0000000100000000)
  region size 1024K, 0 young (0K), 0 survivors (0K)
 Metaspace       used 59150K, committed 59648K, reserved 1114112K
  class space    used 7356K, committed 7552K, reserved 1048576K
}
Event: 64369.077 GC heap before
{Heap before GC invocations=738 (full 695):
 garbage-first heap   total 78848K, used 35408K [0x00000000c0000000, 0x0000000100000000)
  region size 1024K, 1 young (1024K), 0 survivors (0K)
 Metaspace       used 59150K, committed 59648K, reserved 1114112K
  class space    used 7356K, committed 7552K, reserved 1048576K
}
Event: 64369.113 GC heap after
{Heap after GC invocations=739 (full 696):
 garbage-first heap   total 78848K, used 35408K [0x00000000c0000000, 0x0000000100000000)
  region size 1024K, 0 young (0K), 0 survivors (0K)
 Metaspace       used 59150K, committed 59648K, reserved 1114112K
  class space    used 7356K, committed 7552K, reserved 1048576K
}
Event: 64379.232 GC heap before
{Heap before GC invocations=739 (full 696):
 garbage-first heap   total 78848K, used 35408K [0x00000000c0000000, 0x0000000100000000)
  region size 1024K, 1 young (1024K), 0 survivors (0K)
 Metaspace       used 59150K, committed 59648K, reserved 1114112K
  class space    used 7356K, committed 7552K, reserved 1048576K
}
Event: 64379.287 GC heap after
{Heap after GC invocations=740 (full 697):
 garbage-first heap   total 78848K, used 35408K [0x00000000c0000000, 0x0000000100000000)
  region size 1024K, 0 young (0K), 0 survivors (0K)
 Metaspace       used 59150K, committed 59648K, reserved 1114112K
  class space    used 7356K, committed 7552K, reserved 1048576K
}
Event: 64389.549 GC heap before
{Heap before GC invocations=740 (full 697):
 garbage-first heap   total 78848K, used 35408K [0x00000000c0000000, 0x0000000100000000)
  region size 1024K, 1 young (1024K), 0 survivors (0K)
 Metaspace       used 59150K, committed 59648K, reserved 1114112K
  class space    used 7356K, committed 7552K, reserved 1048576K
}
Event: 64389.605 GC heap after
{Heap after GC invocations=741 (full 698):
 garbage-first heap   total 78848K, used 35408K [0x00000000c0000000, 0x0000000100000000)
  region size 1024K, 0 young (0K), 0 survivors (0K)
 Metaspace       used 59150K, committed 59648K, reserved 1114112K
  class space    used 7356K, committed 7552K, reserved 1048576K
}
Event: 64399.702 GC heap before
{Heap before GC invocations=741 (full 698):
 garbage-first heap   total 78848K, used 35408K [0x00000000c0000000, 0x0000000100000000)
  region size 1024K, 1 young (1024K), 0 survivors (0K)
 Metaspace       used 59150K, committed 59648K, reserved 1114112K
  class space    used 7356K, committed 7552K, reserved 1048576K
}
Event: 64399.753 GC heap after
{Heap after GC invocations=742 (full 699):
 garbage-first heap   total 78848K, used 35408K [0x00000000c0000000, 0x0000000100000000)
  region size 1024K, 0 young (0K), 0 survivors (0K)
 Metaspace       used 59150K, committed 59648K, reserved 1114112K
  class space    used 7356K, committed 7552K, reserved 1048576K
}
Event: 64409.822 GC heap before
{Heap before GC invocations=742 (full 699):
 garbage-first heap   total 78848K, used 35408K [0x00000000c0000000, 0x0000000100000000)
  region size 1024K, 1 young (1024K), 0 survivors (0K)
 Metaspace       used 59150K, committed 59648K, reserved 1114112K
  class space    used 7356K, committed 7552K, reserved 1048576K
}
Event: 64409.857 GC heap after
{Heap after GC invocations=743 (full 700):
 garbage-first heap   total 78848K, used 35408K [0x00000000c0000000, 0x0000000100000000)
  region size 1024K, 0 young (0K), 0 survivors (0K)
 Metaspace       used 59150K, committed 59648K, reserved 1114112K
  class space    used 7356K, committed 7552K, reserved 1048576K
}
Event: 64419.930 GC heap before
{Heap before GC invocations=743 (full 700):
 garbage-first heap   total 78848K, used 35408K [0x00000000c0000000, 0x0000000100000000)
  region size 1024K, 1 young (1024K), 0 survivors (0K)
 Metaspace       used 59150K, committed 59648K, reserved 1114112K
  class space    used 7356K, committed 7552K, reserved 1048576K
}
Event: 64419.978 GC heap after
{Heap after GC invocations=744 (full 701):
 garbage-first heap   total 78848K, used 35408K [0x00000000c0000000, 0x0000000100000000)
  region size 1024K, 0 young (0K), 0 survivors (0K)
 Metaspace       used 59150K, committed 59648K, reserved 1114112K
  class space    used 7356K, committed 7552K, reserved 1048576K
}
Event: 64430.109 GC heap before
{Heap before GC invocations=744 (full 701):
 garbage-first heap   total 78848K, used 35408K [0x00000000c0000000, 0x0000000100000000)
  region size 1024K, 1 young (1024K), 0 survivors (0K)
 Metaspace       used 59150K, committed 59648K, reserved 1114112K
  class space    used 7356K, committed 7552K, reserved 1048576K
}
Event: 64430.169 GC heap after
{Heap after GC invocations=745 (full 702):
 garbage-first heap   total 78848K, used 35408K [0x00000000c0000000, 0x0000000100000000)
  region size 1024K, 0 young (0K), 0 survivors (0K)
 Metaspace       used 59150K, committed 59648K, reserved 1114112K
  class space    used 7356K, committed 7552K, reserved 1048576K
}
Event: 64440.259 GC heap before
{Heap before GC invocations=745 (full 702):
 garbage-first heap   total 78848K, used 35408K [0x00000000c0000000, 0x0000000100000000)
  region size 1024K, 1 young (1024K), 0 survivors (0K)
 Metaspace       used 59150K, committed 59648K, reserved 1114112K
  class space    used 7356K, committed 7552K, reserved 1048576K
}
Event: 64440.317 GC heap after
{Heap after GC invocations=746 (full 703):
 garbage-first heap   total 78848K, used 35408K [0x00000000c0000000, 0x0000000100000000)
  region size 1024K, 0 young (0K), 0 survivors (0K)
 Metaspace       used 59150K, committed 59648K, reserved 1114112K
  class space    used 7356K, committed 7552K, reserved 1048576K
}

