# JRE version: OpenJDK Runtime Environment Temurin-17.0.11+9 (17.0.11+9) (build 17.0.11+9)
# Java VM: OpenJDK 64-Bit Server VM Temurin-17.0.11+9 (17.0.11+9, mixed mode, emulated-client, tiered, compressed oops, compressed class ptrs, g1 gc, windows-amd64)
GC Precious Log:
 CPUs: 4 total, 4 available
 Memory: 3526M
 Large Page Support: Disabled
 NUMA Support: Disabled
 Compressed Oops: Enabled (32-bit)
 Heap Region Size: 1M
 Heap Min Capacity: 8M
 Heap Initial Capacity: 56M
 Heap Max Capacity: 1G
 Pre-touch: Disabled
 Parallel Workers: 4
 Concurrent Workers: 1
 Concurrent Refinement Workers: 4
 Periodic GC: Disabled
Heap:
 garbage-first heap   total 69632K, used 24362K [0x00000000c0000000, 0x0000000100000000)
  region size 1024K, 1 young (1024K), 0 survivors (0K)
 Metaspace       used 38965K, committed 39488K, reserved 1114112K
  class space    used 5145K, committed 5376K, reserved 1048576K
GC Heap History (20 events):
Event: 4567.561 GC heap before
{Heap before GC invocations=448 (full 435):
 garbage-first heap   total 69632K, used 24362K [0x00000000c0000000, 0x0000000100000000)
  region size 1024K, 1 young (1024K), 0 survivors (0K)
 Metaspace       used 38965K, committed 39488K, reserved 1114112K
  class space    used 5145K, committed 5376K, reserved 1048576K
}
Event: 4567.614 GC heap after
{Heap after GC invocations=449 (full 436):
 garbage-first heap   total 69632K, used 24362K [0x00000000c0000000, 0x0000000100000000)
  region size 1024K, 0 young (0K), 0 survivors (0K)
 Metaspace       used 38965K, committed 39488K, reserved 1114112K
  class space    used 5145K, committed 5376K, reserved 1048576K
}
Event: 4577.742 GC heap before
{Heap before GC invocations=449 (full 436):
 garbage-first heap   total 69632K, used 24362K [0x00000000c0000000, 0x0000000100000000)
  region size 1024K, 1 young (1024K), 0 survivors (0K)
 Metaspace       used 38965K, committed 39488K, reserved 1114112K
  class space    used 5145K, committed 5376K, reserved 1048576K
}
Event: 4577.788 GC heap after
{Heap after GC invocations=450 (full 437):
 garbage-first heap   total 69632K, used 24362K [0x00000000c0000000, 0x0000000100000000)
  region size 1024K, 0 young (0K), 0 survivors (0K)
 Metaspace       used 38965K, committed 39488K, reserved 1114112K
  class space    used 5145K, committed 5376K, reserved 1048576K
}
Event: 4589.010 GC heap before
{Heap before GC invocations=450 (full 437):
 garbage-first heap   total 69632K, used 24362K [0x00000000c0000000, 0x0000000100000000)
  region size 1024K, 1 young (1024K), 0 survivors (0K)
 Metaspace       used 38965K, committed 39488K, reserved 1114112K
  class space    used 5145K, committed 5376K, reserved 1048576K
}
Event: 4589.068 GC heap after
{Heap after GC invocations=451 (full 438):
 garbage-first heap   total 69632K, used 24362K [0x00000000c0000000, 0x0000000100000000)
  region size 1024K, 0 young (0K), 0 survivors (0K)
 Metaspace       used 38965K, committed 39488K, reserved 1114112K
  class space    used 5145K, committed 5376K, reserved 1048576K
}
Event: 4599.685 GC heap before
{Heap before GC invocations=451 (full 438):
 garbage-first heap   total 69632K, used 24362K [0x00000000c0000000, 0x0000000100000000)
  region size 1024K, 1 young (1024K), 0 survivors (0K)
 Metaspace       used 38965K, committed 39488K, reserved 1114112K
  class space    used 5145K, committed 5376K, reserved 1048576K
}
Event: 4599.745 GC heap after
{Heap after GC invocations=452 (full 439):
 garbage-first heap   total 69632K, used 24362K [0x00000000c0000000, 0x0000000100000000)
  region size 1024K, 0 young (0K), 0 survivors (0K)
 Metaspace       used 38965K, committed 39488K, reserved 1114112K
  class space    used 5145K, committed 5376K, reserved 1048576K
}
Event: 11808.610 GC heap before
{Heap before GC invocations=452 (full 439):
 garbage-first heap   total 69632K, used 24362K [0x00000000c0000000, 0x0000000100000000)
  region size 1024K, 1 young (1024K), 0 survivors (0K)
 Metaspace       used 38965K, committed 39488K, reserved 1114112K
  class space    used 5145K, committed 5376K, reserved 1048576K
}
Event: 11808.702 GC heap after
{Heap after GC invocations=453 (full 440):
 garbage-first heap   total 69632K, used 24362K [0x00000000c0000000, 0x0000000100000000)
  region size 1024K, 0 young (0K), 0 survivors (0K)
 Metaspace       used 38965K, committed 39488K, reserved 1114112K
  class space    used 5145K, committed 5376K, reserved 1048576K
}
Event: 42612.113 GC heap before
{Heap before GC invocations=453 (full 440):
 garbage-first heap   total 69632K, used 24362K [0x00000000c0000000, 0x0000000100000000)
  region size 1024K, 1 young (1024K), 0 survivors (0K)
 Metaspace       used 38965K, committed 39488K, reserved 1114112K
  class space    used 5145K, committed 5376K, reserved 1048576K
}
Event: 42612.472 GC heap after
{Heap after GC invocations=454 (full 441):
 garbage-first heap   total 69632K, used 24362K [0x00000000c0000000, 0x0000000100000000)
  region size 1024K, 0 young (0K), 0 survivors (0K)
 Metaspace       used 38965K, committed 39488K, reserved 1114112K
  class space    used 5145K, committed 5376K, reserved 1048576K
}
Event: 42625.076 GC heap before
{Heap before GC invocations=454 (full 441):
 garbage-first heap   total 69632K, used 24362K [0x00000000c0000000, 0x0000000100000000)
  region size 1024K, 1 young (1024K), 0 survivors (0K)
 Metaspace       used 38965K, committed 39488K, reserved 1114112K
  class space    used 5145K, committed 5376K, reserved 1048576K
}
Event: 42625.132 GC heap after
{Heap after GC invocations=455 (full 442):
 garbage-first heap   total 69632K, used 24362K [0x00000000c0000000, 0x0000000100000000)
  region size 1024K, 0 young (0K), 0 survivors (0K)
 Metaspace       used 38965K, committed 39488K, reserved 1114112K
  class space    used 5145K, committed 5376K, reserved 1048576K
}
Event: 42636.309 GC heap before
{Heap before GC invocations=455 (full 442):
 garbage-first heap   total 69632K, used 24362K [0x00000000c0000000, 0x0000000100000000)
  region size 1024K, 1 young (1024K), 0 survivors (0K)
 Metaspace       used 38965K, committed 39488K, reserved 1114112K
  class space    used 5145K, committed 5376K, reserved 1048576K
}
Event: 42636.412 GC heap after
{Heap after GC invocations=456 (full 443):
 garbage-first heap   total 69632K, used 24362K [0x00000000c0000000, 0x0000000100000000)
  region size 1024K, 0 young (0K), 0 survivors (0K)
 Metaspace       used 38965K, committed 39488K, reserved 1114112K
  class space    used 5145K, committed 5376K, reserved 1048576K
}
Event: 42648.179 GC heap before
{Heap before GC invocations=456 (full 443):
 garbage-first heap   total 69632K, used 24362K [0x00000000c0000000, 0x0000000100000000)
  region size 1024K, 1 young (1024K), 0 survivors (0K)
 Metaspace       used 38965K, committed 39488K, reserved 1114112K
  class space    used 5145K, committed 5376K, reserved 1048576K
}
Event: 42648.218 GC heap after
{Heap after GC invocations=457 (full 444):
 garbage-first heap   total 69632K, used 24362K [0x00000000c0000000, 0x0000000100000000)
  region size 1024K, 0 young (0K), 0 survivors (0K)
 Metaspace       used 38965K, committed 39488K, reserved 1114112K
  class space    used 5145K, committed 5376K, reserved 1048576K
}
Event: 42659.734 GC heap before
{Heap before GC invocations=457 (full 444):
 garbage-first heap   total 69632K, used 24362K [0x00000000c0000000, 0x0000000100000000)
  region size 1024K, 1 young (1024K), 0 survivors (0K)
 Metaspace       used 38965K, committed 39488K, reserved 1114112K
  class space    used 5145K, committed 5376K, reserved 1048576K
}
Event: 42659.772 GC heap after
{Heap after GC invocations=458 (full 445):
 garbage-first heap   total 69632K, used 24362K [0x00000000c0000000, 0x0000000100000000)
  region size 1024K, 0 young (0K), 0 survivors (0K)
 Metaspace       used 38965K, committed 39488K, reserved 1114112K
  class space    used 5145K, committed 5376K, reserved 1048576K
}

